[03Dec2024 00:00:04.438] [Server thread/INFO] [net.minecraft.server.MinecraftServer/]: Saving the game (this may take a moment!)
[03Dec2024 00:00:04.525] [Server thread/INFO] [net.minecraft.server.MinecraftServer/]: Saved the game
[03Dec2024 00:01:09.735] [Server thread/INFO] [net.minecraft.server.network.ServerGamePacketListenerImpl/]: lolo2021pro lost connection: Disconnected
[03Dec2024 00:01:09.735] [Server thread/INFO] [net.minecraft.server.MinecraftServer/]: lolo2021pro left the game
[03Dec2024 00:01:09.736] [Server thread/INFO] [voicechat/]: [voicechat] Disconnecting client lolo2021pro
[03Dec2024 00:01:10.477] [Server thread/INFO] [net.minecraft.server.MinecraftServer/]: [Not Secure] [Server] y sebas?
[03Dec2024 00:05:24.574] [Server thread/INFO] [net.minecraft.server.MinecraftServer/]: Saving the game (this may take a moment!)
[03Dec2024 00:05:24.628] [Server thread/INFO] [net.minecraft.server.MinecraftServer/]: Saved the game
[03Dec2024 00:10:38.025] [Server thread/INFO] [net.minecraft.server.MinecraftServer/]: Unknown or incomplete command, see below for error
[03Dec2024 00:10:38.029] [Server thread/INFO] [net.minecraft.server.MinecraftServer/]: bn<--[HERE]
[03Dec2024 00:23:50.275] [Server thread/INFO] [net.minecraft.server.MinecraftServer/]: Unknown or incomplete command, see below for error
[03Dec2024 00:23:50.275] [Server thread/INFO] [net.minecraft.server.MinecraftServer/]: bn<--[HERE]
[03Dec2024 00:33:04.425] [Server thread/INFO] [net.minecraft.server.MinecraftServer/]: Unknown or incomplete command, see below for error
[03Dec2024 00:33:04.425] [Server thread/INFO] [net.minecraft.server.MinecraftServer/]: bn<--[HERE]
[03Dec2024 00:57:15.125] [Server thread/INFO] [net.minecraft.server.MinecraftServer/]: Saving the game (this may take a moment!)
[03Dec2024 00:57:15.176] [Server thread/INFO] [net.minecraft.server.MinecraftServer/]: Saved the game
[03Dec2024 01:29:13.774] [Server thread/INFO] [net.minecraft.server.MinecraftServer/]: Saving the game (this may take a moment!)
[03Dec2024 01:29:13.844] [Server thread/INFO] [net.minecraft.server.MinecraftServer/]: Saved the game
[03Dec2024 01:56:20.176] [Server thread/INFO] [net.minecraft.server.MinecraftServer/]: Saving the game (this may take a moment!)
[03Dec2024 01:56:20.243] [Server thread/INFO] [net.minecraft.server.MinecraftServer/]: Saved the game
[03Dec2024 01:56:22.074] [Server thread/INFO] [net.minecraft.server.MinecraftServer/]: Stopping the server
[03Dec2024 01:56:22.123] [Server thread/INFO] [net.minecraft.server.MinecraftServer/]: Stopping server
[03Dec2024 01:56:22.124] [Server thread/INFO] [net.minecraft.server.MinecraftServer/]: Saving players
[03Dec2024 01:56:22.124] [Server thread/INFO] [net.minecraft.server.MinecraftServer/]: Saving worlds
[03Dec2024 01:56:23.112] [Server thread/INFO] [net.minecraft.server.MinecraftServer/]: Saving chunks for level 'ServerLevel[world]'/minecraft:overworld
[03Dec2024 01:56:23.152] [Server thread/INFO] [net.minecraft.server.MinecraftServer/]: Saving chunks for level 'ServerLevel[world]'/minecraft:the_nether
[03Dec2024 01:56:23.153] [Server thread/INFO] [net.minecraft.server.MinecraftServer/]: Saving chunks for level 'ServerLevel[world]'/minecraft:the_end
[03Dec2024 01:56:23.192] [Server thread/INFO] [net.minecraft.server.MinecraftServer/]: ThreadedAnvilChunkStorage (world): All chunks are saved
[03Dec2024 01:56:23.192] [Server thread/INFO] [net.minecraft.server.MinecraftServer/]: ThreadedAnvilChunkStorage (DIM-1): All chunks are saved
[03Dec2024 01:56:23.192] [Server thread/INFO] [net.minecraft.server.MinecraftServer/]: ThreadedAnvilChunkStorage (DIM1): All chunks are saved
[03Dec2024 01:56:23.192] [Server thread/INFO] [net.minecraft.server.MinecraftServer/]: ThreadedAnvilChunkStorage: All dimensions are saved
